[0.485s] Invoking command in '/home/yoshinotaiki/ros2_ws/src/mypkg': PYTHONPATH=/home/yoshinotaiki/ros2_ws/src/mypkg/install/mypkg/lib/python3.10/site-packages:${PYTHONPATH} /usr/bin/python3 setup.py egg_info --egg-base build/mypkg build --build-base /home/yoshinotaiki/ros2_ws/src/mypkg/build/mypkg/build install --prefix /home/yoshinotaiki/ros2_ws/src/mypkg/install/mypkg --record /home/yoshinotaiki/ros2_ws/src/mypkg/build/mypkg/install.log --single-version-externally-managed
[0.630s] running egg_info
[0.630s] creating build/mypkg/mypkg.egg-info
[0.631s] writing build/mypkg/mypkg.egg-info/PKG-INFO
[0.631s] writing dependency_links to build/mypkg/mypkg.egg-info/dependency_links.txt
[0.631s] writing entry points to build/mypkg/mypkg.egg-info/entry_points.txt
[0.631s] writing requirements to build/mypkg/mypkg.egg-info/requires.txt
[0.631s] writing top-level names to build/mypkg/mypkg.egg-info/top_level.txt
[0.631s] writing manifest file 'build/mypkg/mypkg.egg-info/SOURCES.txt'
[0.632s] reading manifest file 'build/mypkg/mypkg.egg-info/SOURCES.txt'
[0.632s] adding license file 'LICENSE'
[0.632s] writing manifest file 'build/mypkg/mypkg.egg-info/SOURCES.txt'
[0.633s] running build
[0.633s] running build_py
[0.633s] creating /home/yoshinotaiki/ros2_ws/src/mypkg/build/mypkg/build
[0.633s] creating /home/yoshinotaiki/ros2_ws/src/mypkg/build/mypkg/build/lib
[0.633s] creating /home/yoshinotaiki/ros2_ws/src/mypkg/build/mypkg/build/lib/mypkg
[0.633s] copying mypkg/talker.py -> /home/yoshinotaiki/ros2_ws/src/mypkg/build/mypkg/build/lib/mypkg
[0.633s] copying mypkg/listener.py -> /home/yoshinotaiki/ros2_ws/src/mypkg/build/mypkg/build/lib/mypkg
[0.634s] copying mypkg/__init__.py -> /home/yoshinotaiki/ros2_ws/src/mypkg/build/mypkg/build/lib/mypkg
[0.634s] running install
[0.634s] /usr/lib/python3/dist-packages/setuptools/command/install.py:34: SetuptoolsDeprecationWarning: setup.py install is deprecated. Use build and pip and other standards-based tools.
[0.634s]   warnings.warn(
[0.634s] running install_lib
[0.634s] creating /home/yoshinotaiki/ros2_ws/src/mypkg/install/mypkg/lib/python3.10/site-packages/mypkg
[0.635s] copying /home/yoshinotaiki/ros2_ws/src/mypkg/build/mypkg/build/lib/mypkg/talker.py -> /home/yoshinotaiki/ros2_ws/src/mypkg/install/mypkg/lib/python3.10/site-packages/mypkg
[0.635s] copying /home/yoshinotaiki/ros2_ws/src/mypkg/build/mypkg/build/lib/mypkg/listener.py -> /home/yoshinotaiki/ros2_ws/src/mypkg/install/mypkg/lib/python3.10/site-packages/mypkg
[0.635s] copying /home/yoshinotaiki/ros2_ws/src/mypkg/build/mypkg/build/lib/mypkg/__init__.py -> /home/yoshinotaiki/ros2_ws/src/mypkg/install/mypkg/lib/python3.10/site-packages/mypkg
[0.635s] byte-compiling /home/yoshinotaiki/ros2_ws/src/mypkg/install/mypkg/lib/python3.10/site-packages/mypkg/talker.py to talker.cpython-310.pyc
[0.635s] byte-compiling /home/yoshinotaiki/ros2_ws/src/mypkg/install/mypkg/lib/python3.10/site-packages/mypkg/listener.py to listener.cpython-310.pyc
[0.635s] byte-compiling /home/yoshinotaiki/ros2_ws/src/mypkg/install/mypkg/lib/python3.10/site-packages/mypkg/__init__.py to __init__.cpython-310.pyc
[0.636s] running install_data
[0.636s] creating /home/yoshinotaiki/ros2_ws/src/mypkg/install/mypkg/share/ament_index
[0.636s] creating /home/yoshinotaiki/ros2_ws/src/mypkg/install/mypkg/share/ament_index/resource_index
[0.636s] creating /home/yoshinotaiki/ros2_ws/src/mypkg/install/mypkg/share/ament_index/resource_index/packages
[0.636s] copying resource/mypkg -> /home/yoshinotaiki/ros2_ws/src/mypkg/install/mypkg/share/ament_index/resource_index/packages
[0.636s] copying package.xml -> /home/yoshinotaiki/ros2_ws/src/mypkg/install/mypkg/share/mypkg
[0.636s] copying launch/talk_listen.launch.py -> /home/yoshinotaiki/ros2_ws/src/mypkg/install/mypkg/share/mypkg
[0.636s] running install_egg_info
[0.637s] Copying build/mypkg/mypkg.egg-info to /home/yoshinotaiki/ros2_ws/src/mypkg/install/mypkg/lib/python3.10/site-packages/mypkg-0.0.0-py3.10.egg-info
[0.638s] running install_scripts
[0.650s] Installing listener script to /home/yoshinotaiki/ros2_ws/src/mypkg/install/mypkg/lib/mypkg
[0.651s] Installing talker script to /home/yoshinotaiki/ros2_ws/src/mypkg/install/mypkg/lib/mypkg
[0.651s] writing list of installed files to '/home/yoshinotaiki/ros2_ws/src/mypkg/build/mypkg/install.log'
[0.667s] Invoked command in '/home/yoshinotaiki/ros2_ws/src/mypkg' returned '0': PYTHONPATH=/home/yoshinotaiki/ros2_ws/src/mypkg/install/mypkg/lib/python3.10/site-packages:${PYTHONPATH} /usr/bin/python3 setup.py egg_info --egg-base build/mypkg build --build-base /home/yoshinotaiki/ros2_ws/src/mypkg/build/mypkg/build install --prefix /home/yoshinotaiki/ros2_ws/src/mypkg/install/mypkg --record /home/yoshinotaiki/ros2_ws/src/mypkg/build/mypkg/install.log --single-version-externally-managed
